<?xml version="1.0" encoding="UTF-8"?>
<!-- Generated by org.testng.reporters.JUnitReportReporter -->
<testsuite hostname="HIH-D-5576" name="com.ntes.interfacetest.todomethod.AlsoBuyTestAnalysis" tests="100" failures="0" timestamp="24 Jul 2015 06:25:27 GMT" time="2.885" errors="0">
  <testcase name="test" time="0.030" classname="com.ntes.interfacetest.todomethod.AlsoBuyTestAnalysis"/>
  <testcase name="test" time="0.030" classname="com.ntes.interfacetest.todomethod.AlsoBuyTestAnalysis"/>
  <testcase name="test" time="0.020" classname="com.ntes.interfacetest.todomethod.AlsoBuyTestAnalysis"/>
  <testcase name="test" time="0.030" classname="com.ntes.interfacetest.todomethod.AlsoBuyTestAnalysis"/>
  <testcase name="test" time="0.030" classname="com.ntes.interfacetest.todomethod.AlsoBuyTestAnalysis"/>
  <testcase name="test" time="0.020" classname="com.ntes.interfacetest.todomethod.AlsoBuyTestAnalysis"/>
  <testcase name="test" time="0.010" classname="com.ntes.interfacetest.todomethod.AlsoBuyTestAnalysis"/>
  <testcase name="test" time="0.010" classname="com.ntes.interfacetest.todomethod.AlsoBuyTestAnalysis"/>
  <testcase name="test" time="0.030" classname="com.ntes.interfacetest.todomethod.AlsoBuyTestAnalysis"/>
  <testcase name="test" time="0.030" classname="com.ntes.interfacetest.todomethod.AlsoBuyTestAnalysis"/>
  <testcase name="test" time="0.010" classname="com.ntes.interfacetest.todomethod.AlsoBuyTestAnalysis"/>
  <testcase name="test" time="0.054" classname="com.ntes.interfacetest.todomethod.AlsoBuyTestAnalysis"/>
  <testcase name="test" time="0.020" classname="com.ntes.interfacetest.todomethod.AlsoBuyTestAnalysis"/>
  <testcase name="test" time="0.010" classname="com.ntes.interfacetest.todomethod.AlsoBuyTestAnalysis"/>
  <testcase name="test" time="0.010" classname="com.ntes.interfacetest.todomethod.AlsoBuyTestAnalysis"/>
  <testcase name="test" time="0.030" classname="com.ntes.interfacetest.todomethod.AlsoBuyTestAnalysis"/>
  <testcase name="test" time="0.020" classname="com.ntes.interfacetest.todomethod.AlsoBuyTestAnalysis"/>
  <testcase name="test" time="0.010" classname="com.ntes.interfacetest.todomethod.AlsoBuyTestAnalysis"/>
  <testcase name="test" time="0.010" classname="com.ntes.interfacetest.todomethod.AlsoBuyTestAnalysis"/>
  <testcase name="test" time="0.010" classname="com.ntes.interfacetest.todomethod.AlsoBuyTestAnalysis"/>
  <testcase name="test" time="0.010" classname="com.ntes.interfacetest.todomethod.AlsoBuyTestAnalysis"/>
  <testcase name="test" time="0.010" classname="com.ntes.interfacetest.todomethod.AlsoBuyTestAnalysis"/>
  <testcase name="test" time="0.010" classname="com.ntes.interfacetest.todomethod.AlsoBuyTestAnalysis"/>
  <testcase name="test" time="0.020" classname="com.ntes.interfacetest.todomethod.AlsoBuyTestAnalysis"/>
  <testcase name="test" time="0.020" classname="com.ntes.interfacetest.todomethod.AlsoBuyTestAnalysis"/>
  <testcase name="test" time="0.030" classname="com.ntes.interfacetest.todomethod.AlsoBuyTestAnalysis"/>
  <testcase name="test" time="0.010" classname="com.ntes.interfacetest.todomethod.AlsoBuyTestAnalysis"/>
  <testcase name="test" time="0.020" classname="com.ntes.interfacetest.todomethod.AlsoBuyTestAnalysis"/>
  <testcase name="test" time="0.010" classname="com.ntes.interfacetest.todomethod.AlsoBuyTestAnalysis"/>
  <testcase name="test" time="0.040" classname="com.ntes.interfacetest.todomethod.AlsoBuyTestAnalysis"/>
  <testcase name="test" time="0.030" classname="com.ntes.interfacetest.todomethod.AlsoBuyTestAnalysis"/>
  <testcase name="test" time="0.010" classname="com.ntes.interfacetest.todomethod.AlsoBuyTestAnalysis"/>
  <testcase name="test" time="0.020" classname="com.ntes.interfacetest.todomethod.AlsoBuyTestAnalysis"/>
  <testcase name="test" time="0.020" classname="com.ntes.interfacetest.todomethod.AlsoBuyTestAnalysis"/>
  <testcase name="test" time="0.020" classname="com.ntes.interfacetest.todomethod.AlsoBuyTestAnalysis"/>
  <testcase name="test" time="0.010" classname="com.ntes.interfacetest.todomethod.AlsoBuyTestAnalysis"/>
  <testcase name="test" time="0.040" classname="com.ntes.interfacetest.todomethod.AlsoBuyTestAnalysis"/>
  <testcase name="test" time="0.040" classname="com.ntes.interfacetest.todomethod.AlsoBuyTestAnalysis"/>
  <testcase name="test" time="0.010" classname="com.ntes.interfacetest.todomethod.AlsoBuyTestAnalysis"/>
  <testcase name="test" time="0.020" classname="com.ntes.interfacetest.todomethod.AlsoBuyTestAnalysis"/>
  <testcase name="test" time="0.030" classname="com.ntes.interfacetest.todomethod.AlsoBuyTestAnalysis"/>
  <testcase name="test" time="0.330" classname="com.ntes.interfacetest.todomethod.AlsoBuyTestAnalysis"/>
  <testcase name="test" time="0.010" classname="com.ntes.interfacetest.todomethod.AlsoBuyTestAnalysis"/>
  <testcase name="test" time="0.020" classname="com.ntes.interfacetest.todomethod.AlsoBuyTestAnalysis"/>
  <testcase name="test" time="0.020" classname="com.ntes.interfacetest.todomethod.AlsoBuyTestAnalysis"/>
  <testcase name="test" time="0.020" classname="com.ntes.interfacetest.todomethod.AlsoBuyTestAnalysis"/>
  <testcase name="test" time="0.040" classname="com.ntes.interfacetest.todomethod.AlsoBuyTestAnalysis"/>
  <testcase name="test" time="0.025" classname="com.ntes.interfacetest.todomethod.AlsoBuyTestAnalysis"/>
  <testcase name="test" time="0.020" classname="com.ntes.interfacetest.todomethod.AlsoBuyTestAnalysis"/>
  <testcase name="test" time="0.022" classname="com.ntes.interfacetest.todomethod.AlsoBuyTestAnalysis"/>
  <testcase name="test" time="0.040" classname="com.ntes.interfacetest.todomethod.AlsoBuyTestAnalysis"/>
  <testcase name="test" time="0.030" classname="com.ntes.interfacetest.todomethod.AlsoBuyTestAnalysis"/>
  <testcase name="test" time="0.020" classname="com.ntes.interfacetest.todomethod.AlsoBuyTestAnalysis"/>
  <testcase name="test" time="0.030" classname="com.ntes.interfacetest.todomethod.AlsoBuyTestAnalysis"/>
  <testcase name="test" time="0.020" classname="com.ntes.interfacetest.todomethod.AlsoBuyTestAnalysis"/>
  <testcase name="test" time="0.020" classname="com.ntes.interfacetest.todomethod.AlsoBuyTestAnalysis"/>
  <testcase name="test" time="0.020" classname="com.ntes.interfacetest.todomethod.AlsoBuyTestAnalysis"/>
  <testcase name="test" time="0.010" classname="com.ntes.interfacetest.todomethod.AlsoBuyTestAnalysis"/>
  <testcase name="test" time="0.021" classname="com.ntes.interfacetest.todomethod.AlsoBuyTestAnalysis"/>
  <testcase name="test" time="0.030" classname="com.ntes.interfacetest.todomethod.AlsoBuyTestAnalysis"/>
  <testcase name="test" time="0.020" classname="com.ntes.interfacetest.todomethod.AlsoBuyTestAnalysis"/>
  <testcase name="test" time="0.010" classname="com.ntes.interfacetest.todomethod.AlsoBuyTestAnalysis"/>
  <testcase name="test" time="0.010" classname="com.ntes.interfacetest.todomethod.AlsoBuyTestAnalysis"/>
  <testcase name="test" time="0.020" classname="com.ntes.interfacetest.todomethod.AlsoBuyTestAnalysis"/>
  <testcase name="test" time="0.010" classname="com.ntes.interfacetest.todomethod.AlsoBuyTestAnalysis"/>
  <testcase name="test" time="0.010" classname="com.ntes.interfacetest.todomethod.AlsoBuyTestAnalysis"/>
  <testcase name="test" time="0.030" classname="com.ntes.interfacetest.todomethod.AlsoBuyTestAnalysis"/>
  <testcase name="test" time="0.010" classname="com.ntes.interfacetest.todomethod.AlsoBuyTestAnalysis"/>
  <testcase name="test" time="0.030" classname="com.ntes.interfacetest.todomethod.AlsoBuyTestAnalysis"/>
  <testcase name="test" time="0.010" classname="com.ntes.interfacetest.todomethod.AlsoBuyTestAnalysis"/>
  <testcase name="test" time="0.020" classname="com.ntes.interfacetest.todomethod.AlsoBuyTestAnalysis"/>
  <testcase name="test" time="0.010" classname="com.ntes.interfacetest.todomethod.AlsoBuyTestAnalysis"/>
  <testcase name="test" time="0.020" classname="com.ntes.interfacetest.todomethod.AlsoBuyTestAnalysis"/>
  <testcase name="test" time="0.001" classname="com.ntes.interfacetest.todomethod.AlsoBuyTestAnalysis"/>
  <testcase name="test" time="0.020" classname="com.ntes.interfacetest.todomethod.AlsoBuyTestAnalysis"/>
  <testcase name="test" time="0.030" classname="com.ntes.interfacetest.todomethod.AlsoBuyTestAnalysis"/>
  <testcase name="test" time="0.040" classname="com.ntes.interfacetest.todomethod.AlsoBuyTestAnalysis"/>
  <testcase name="test" time="0.020" classname="com.ntes.interfacetest.todomethod.AlsoBuyTestAnalysis"/>
  <testcase name="test" time="0.020" classname="com.ntes.interfacetest.todomethod.AlsoBuyTestAnalysis"/>
  <testcase name="test" time="0.020" classname="com.ntes.interfacetest.todomethod.AlsoBuyTestAnalysis"/>
  <testcase name="test" time="0.020" classname="com.ntes.interfacetest.todomethod.AlsoBuyTestAnalysis"/>
  <testcase name="test" time="0.020" classname="com.ntes.interfacetest.todomethod.AlsoBuyTestAnalysis"/>
  <testcase name="test" time="0.010" classname="com.ntes.interfacetest.todomethod.AlsoBuyTestAnalysis"/>
  <testcase name="test" time="0.030" classname="com.ntes.interfacetest.todomethod.AlsoBuyTestAnalysis"/>
  <testcase name="test" time="0.020" classname="com.ntes.interfacetest.todomethod.AlsoBuyTestAnalysis"/>
  <testcase name="test" time="0.451" classname="com.ntes.interfacetest.todomethod.AlsoBuyTestAnalysis"/>
  <testcase name="test" time="0.020" classname="com.ntes.interfacetest.todomethod.AlsoBuyTestAnalysis"/>
  <testcase name="test" time="0.020" classname="com.ntes.interfacetest.todomethod.AlsoBuyTestAnalysis"/>
  <testcase name="test" time="0.020" classname="com.ntes.interfacetest.todomethod.AlsoBuyTestAnalysis"/>
  <testcase name="test" time="0.030" classname="com.ntes.interfacetest.todomethod.AlsoBuyTestAnalysis"/>
  <testcase name="test" time="0.020" classname="com.ntes.interfacetest.todomethod.AlsoBuyTestAnalysis"/>
  <testcase name="test" time="0.020" classname="com.ntes.interfacetest.todomethod.AlsoBuyTestAnalysis"/>
  <testcase name="test" time="0.030" classname="com.ntes.interfacetest.todomethod.AlsoBuyTestAnalysis"/>
  <testcase name="test" time="0.020" classname="com.ntes.interfacetest.todomethod.AlsoBuyTestAnalysis"/>
  <testcase name="test" time="0.020" classname="com.ntes.interfacetest.todomethod.AlsoBuyTestAnalysis"/>
  <testcase name="test" time="0.050" classname="com.ntes.interfacetest.todomethod.AlsoBuyTestAnalysis"/>
  <testcase name="test" time="0.030" classname="com.ntes.interfacetest.todomethod.AlsoBuyTestAnalysis"/>
  <testcase name="test" time="0.010" classname="com.ntes.interfacetest.todomethod.AlsoBuyTestAnalysis"/>
  <testcase name="test" time="0.030" classname="com.ntes.interfacetest.todomethod.AlsoBuyTestAnalysis"/>
  <testcase name="test" time="0.051" classname="com.ntes.interfacetest.todomethod.AlsoBuyTestAnalysis"/>
</testsuite> <!-- com.ntes.interfacetest.todomethod.AlsoBuyTestAnalysis -->
