<?xml version="1.0" encoding="UTF-8"?>
<!-- Generated by org.testng.reporters.JUnitReportReporter -->
<testsuite hostname="HIH-D-5576" name="com.ntes.interfacetest.demo.BrandTest" tests="4" failures="0" timestamp="17 Aug 2015 12:22:31 GMT" time="0.337" errors="0">
  <testcase name="test" time="0.281" classname="com.ntes.interfacetest.demo.BrandTest"/>
  <testcase name="test" time="0.020" classname="com.ntes.interfacetest.demo.BrandTest"/>
  <testcase name="test" time="0.017" classname="com.ntes.interfacetest.demo.BrandTest"/>
  <testcase name="test" time="0.019" classname="com.ntes.interfacetest.demo.BrandTest"/>
</testsuite> <!-- com.ntes.interfacetest.demo.BrandTest -->
